<?xml version="1.0" encoding="UTF-8"?>
<!-- Generated by org.testng.reporters.JUnitXMLReporter -->
<testsuite ignored="2" hostname="DESKTOP-H19J252" failures="0" tests="4" name="Test" time="25.049" errors="0" timestamp="2023-10-25T00:51:40 BDT">
  <testcase classname="tests.LoginTest" name="UnsuccessfulLogin_Message_With_Wrong_Username_Password" time="0.659"/>
  <testcase classname="tests.LoginTest" name="loginButtonFunctionality" time="14.801"/>
  <testcase classname="tests.HomeTest" name="LogoutButton" time="2.381"/>
  <testcase classname="tests.HomeTest" name="logout" time="0.106"/>
  <testcase classname="tests.BaseTest" name="@AfterSuite quiteBrowser" time="0.0">
    <ignored/>
  </testcase> <!-- @AfterSuite quiteBrowser -->
  <testcase classname="tests.BaseTest" name="@BeforeTest LoadApplications" time="0.0">
    <ignored/>
  </testcase> <!-- @BeforeTest LoadApplications -->
</testsuite> <!-- Test -->
