<?xml version="1.0" encoding="UTF-8"?>
<testng-results ignored="0" total="4" passed="4" failed="0" skipped="0">
  <reporter-output>
  </reporter-output>
  <suite started-at="2023-10-25T00:51:15 BDT" name="SmokeTEst" finished-at="2023-10-25T00:51:40 BDT" duration-ms="25049">
    <groups>
    </groups>
    <test started-at="2023-10-25T00:51:15 BDT" name="Test" finished-at="2023-10-25T00:51:40 BDT" duration-ms="25049">
      <class name="tests.LoginTest">
        <test-method is-config="true" signature="LoadApplications()[pri:0, instance:tests.LoginTest@45312be2]" started-at="2023-10-25T00:51:15 BDT" name="LoadApplications" finished-at="2023-10-25T00:51:21 BDT" duration-ms="6765" status="PASS">
          <reporter-output>
          </reporter-output>
        </test-method> <!-- LoadApplications -->
        <test-method signature="UnsuccessfulLogin_Message_With_Wrong_Username_Password()[pri:0, instance:tests.LoginTest@45312be2]" started-at="2023-10-25T00:51:21 BDT" name="UnsuccessfulLogin_Message_With_Wrong_Username_Password" finished-at="2023-10-25T00:51:22 BDT" duration-ms="659" status="PASS">
          <reporter-output>
          </reporter-output>
        </test-method> <!-- UnsuccessfulLogin_Message_With_Wrong_Username_Password -->
        <test-method is-config="true" signature="FailedTestScreenShot(org.testng.ITestResult)[pri:0, instance:tests.LoginTest@45312be2]" started-at="2023-10-25T00:51:22 BDT" name="FailedTestScreenShot" finished-at="2023-10-25T00:51:22 BDT" duration-ms="4" status="PASS">
          <params>
            <param index="0">
              <value>
                <![CDATA[[TestResult name=UnsuccessfulLogin_Message_With_Wrong_Username_Password status=SUCCESS method=LoginTest.UnsuccessfulLogin_Message_With_Wrong_Username_Password()[pri:0, instance:tests.LoginTest@45312be2] output={null}]]]>
              </value>
            </param>
          </params>
          <reporter-output>
          </reporter-output>
        </test-method> <!-- FailedTestScreenShot -->
        <test-method signature="loginButtonFunctionality()[pri:2, instance:tests.LoginTest@45312be2]" started-at="2023-10-25T00:51:22 BDT" name="loginButtonFunctionality" finished-at="2023-10-25T00:51:37 BDT" duration-ms="14801" status="PASS">
          <reporter-output>
          </reporter-output>
        </test-method> <!-- loginButtonFunctionality -->
        <test-method is-config="true" signature="FailedTestScreenShot(org.testng.ITestResult)[pri:0, instance:tests.LoginTest@45312be2]" started-at="2023-10-25T00:51:37 BDT" name="FailedTestScreenShot" finished-at="2023-10-25T00:51:37 BDT" duration-ms="9" status="PASS">
          <params>
            <param index="0">
              <value>
                <![CDATA[[TestResult name=loginButtonFunctionality status=SUCCESS method=LoginTest.loginButtonFunctionality()[pri:2, instance:tests.LoginTest@45312be2] output={null}]]]>
              </value>
            </param>
          </params>
          <reporter-output>
          </reporter-output>
        </test-method> <!-- FailedTestScreenShot -->
        <test-method is-config="true" signature="quiteBrowser()[pri:0, instance:tests.LoginTest@45312be2]" started-at="2023-10-25T00:51:40 BDT" name="quiteBrowser" finished-at="2023-10-25T00:51:41 BDT" duration-ms="1090" status="PASS">
          <reporter-output>
          </reporter-output>
        </test-method> <!-- quiteBrowser -->
      </class> <!-- tests.LoginTest -->
      <class name="tests.HomeTest">
        <test-method signature="LogoutButton()[pri:0, instance:tests.HomeTest@64a40280]" started-at="2023-10-25T00:51:37 BDT" name="LogoutButton" finished-at="2023-10-25T00:51:39 BDT" duration-ms="2381" status="PASS">
          <reporter-output>
          </reporter-output>
        </test-method> <!-- LogoutButton -->
        <test-method is-config="true" signature="FailedTestScreenShot(org.testng.ITestResult)[pri:0, instance:tests.HomeTest@64a40280]" started-at="2023-10-25T00:51:39 BDT" name="FailedTestScreenShot" finished-at="2023-10-25T00:51:39 BDT" duration-ms="1" status="PASS">
          <params>
            <param index="0">
              <value>
                <![CDATA[[TestResult name=LogoutButton status=SUCCESS method=HomeTest.LogoutButton()[pri:0, instance:tests.HomeTest@64a40280] output={null}]]]>
              </value>
            </param>
          </params>
          <reporter-output>
          </reporter-output>
        </test-method> <!-- FailedTestScreenShot -->
        <test-method signature="logout()[pri:0, instance:tests.HomeTest@64a40280]" started-at="2023-10-25T00:51:39 BDT" name="logout" finished-at="2023-10-25T00:51:40 BDT" duration-ms="106" status="PASS">
          <reporter-output>
          </reporter-output>
        </test-method> <!-- logout -->
        <test-method is-config="true" signature="FailedTestScreenShot(org.testng.ITestResult)[pri:0, instance:tests.HomeTest@64a40280]" started-at="2023-10-25T00:51:40 BDT" name="FailedTestScreenShot" finished-at="2023-10-25T00:51:40 BDT" duration-ms="0" status="PASS">
          <params>
            <param index="0">
              <value>
                <![CDATA[[TestResult name=logout status=SUCCESS method=HomeTest.logout()[pri:0, instance:tests.HomeTest@64a40280] output={null}]]]>
              </value>
            </param>
          </params>
          <reporter-output>
          </reporter-output>
        </test-method> <!-- FailedTestScreenShot -->
      </class> <!-- tests.HomeTest -->
    </test> <!-- Test -->
  </suite> <!-- SmokeTEst -->
</testng-results>
